{
  "RSpec": {
    "coverage": {
      "/Users/Guest/Desktop/pile_overspill/spec/answer/answer_spec.rb": [
        1,
        null,
        1,
        null,
        2,
        2,
        2,
        2,
        null,
        null
      ],
      "/Users/Guest/Desktop/pile_overspill/app/models/answer.rb": [
        1,
        1,
        1,
        1,
        1,
        null,
        null
      ],
      "/Users/Guest/Desktop/pile_overspill/spec/answer_comment/answer_comment_spec.rb": [
        1,
        null,
        1,
        null,
        2,
        2,
        2,
        null,
        null,
        null
      ],
      "/Users/Guest/Desktop/pile_overspill/app/models/answer_comment.rb": [
        1,
        1,
        1,
        1,
        null,
        null
      ],
      "/Users/Guest/Desktop/pile_overspill/spec/answer_comments/answer_comment_spec.rb": [
        1,
        null,
        1,
        null,
        2,
        2,
        2,
        null,
        null,
        null
      ],
      "/Users/Guest/Desktop/pile_overspill/spec/features/add_answer_page_spec.rb": [
        1,
        1,
        null,
        1,
        1,
        1,
        1,
        1,
        1,
        1,
        null,
        null,
        1,
        1,
        1,
        1,
        1,
        1,
        1,
        null,
        null,
        null,
        1,
        1,
        1,
        null,
        null,
        null,
        1,
        1,
        1,
        1,
        1,
        1,
        1,
        1,
        1,
        1,
        1,
        null,
        null,
        null
      ],
      "/Users/Guest/Desktop/pile_overspill/spec/features/add_question_page_spec.rb": [
        1,
        null,
        1,
        1,
        1,
        1,
        1,
        1,
        null,
        null,
        1,
        1,
        1,
        1,
        null,
        null,
        null,
        1,
        1,
        1,
        1,
        1,
        1,
        1,
        1,
        null,
        null,
        1,
        1,
        1,
        1,
        1,
        1,
        1,
        null,
        null,
        null,
        null,
        null,
        null,
        null,
        null,
        null,
        null,
        null,
        null,
        null,
        null,
        null
      ],
      "/Users/Guest/Desktop/pile_overspill/spec/features/create_user_page_spec.rb": [
        1,
        null,
        1,
        1,
        null,
        null,
        null,
        null,
        null,
        null,
        null,
        null
      ],
      "/Users/Guest/Desktop/pile_overspill/spec/features/edit_a_question_spec.rb": [
        1
      ],
      "/Users/Guest/Desktop/pile_overspill/spec/features/log_in_and_out_page_spec.rb": [
        1,
        null,
        1,
        11,
        11,
        11,
        11,
        11,
        11,
        null,
        null,
        1,
        1,
        1,
        1,
        1,
        null,
        null,
        1,
        1,
        1,
        null,
        null,
        1,
        1,
        1,
        1,
        1,
        1,
        1,
        null,
        null,
        null,
        null,
        1,
        1,
        1,
        1,
        1,
        null,
        null
      ],
      "/Users/Guest/Desktop/pile_overspill/spec/features/questions_page_spec.rb": [
        1,
        1,
        null,
        1,
        1,
        1,
        1,
        1,
        1,
        1,
        null,
        null,
        null
      ],
      "/Users/Guest/Desktop/pile_overspill/spec/mailers/user_mailer_spec.rb": [
        null,
        null,
        null,
        null,
        null,
        null,
        null,
        null,
        null,
        null,
        null,
        null,
        null,
        null,
        null,
        null,
        null,
        null,
        null
      ],
      "/Users/Guest/Desktop/pile_overspill/spec/question/question_spec.rb": [
        1,
        null,
        1,
        2,
        2,
        null,
        2,
        2,
        2,
        null,
        null
      ],
      "/Users/Guest/Desktop/pile_overspill/spec/question_comment/question_comment_spec.rb": [
        1,
        null,
        1,
        null,
        2,
        2,
        2,
        null,
        null,
        null
      ],
      "/Users/Guest/Desktop/pile_overspill/app/models/question_comment.rb": [
        1,
        1,
        1,
        1,
        null,
        null
      ],
      "/Users/Guest/Desktop/pile_overspill/spec/user/user_spec.rb": [
        1,
        null,
        1,
        2,
        null,
        2,
        2,
        null,
        2,
        2,
        null,
        null,
        1,
        1,
        1,
        1,
        null,
        null,
        1,
        1,
        1,
        null,
        null,
        1,
        1,
        1,
        null,
        null,
        1,
        1,
        1,
        null,
        null,
        1,
        1,
        1,
        null,
        null,
        1,
        1,
        null,
        1,
        null,
        null,
        null
      ],
      "/Users/Guest/Desktop/pile_overspill/app/models/user.rb": [
        1,
        1,
        1,
        1,
        null,
        1,
        null,
        1,
        1,
        1,
        1,
        1,
        null,
        1,
        20,
        20,
        null,
        null,
        1,
        17,
        17,
        12,
        null,
        null,
        null,
        null,
        null,
        1,
        19,
        null,
        null,
        null
      ],
      "/Users/Guest/Desktop/pile_overspill/app/controllers/questions_controller.rb": [
        1,
        null,
        1,
        17,
        null,
        null,
        null,
        1,
        7,
        7,
        null,
        null,
        null,
        null,
        1,
        5,
        5,
        null,
        5,
        3,
        null,
        3,
        null,
        2,
        2,
        null,
        null,
        null,
        1,
        6,
        6,
        6,
        null,
        null,
        null,
        1,
        0,
        0,
        0,
        null,
        null,
        1,
        0,
        0,
        0,
        0,
        0,
        null,
        0,
        null,
        null,
        null,
        null,
        null,
        null,
        1,
        null,
        1,
        5,
        null,
        null,
        null,
        null,
        null,
        null,
        null
      ],
      "/Users/Guest/Desktop/pile_overspill/app/controllers/application_controller.rb": [
        1,
        null,
        null,
        1,
        null,
        1,
        null,
        108,
        null,
        null,
        null,
        null,
        null,
        null,
        null,
        null,
        null,
        1,
        null,
        null
      ],
      "/Users/Guest/Desktop/pile_overspill/app/controllers/sessions_controller.rb": [
        1,
        null,
        1,
        null,
        null,
        1,
        13,
        13,
        11,
        11,
        11,
        null,
        2,
        2,
        null,
        null,
        null,
        1,
        2,
        2,
        2,
        null,
        null,
        null,
        null
      ],
      "/Users/Guest/Desktop/pile_overspill/app/mailers/user_mailer.rb": [
        1,
        null,
        1,
        null,
        null,
        null,
        null,
        null,
        1,
        19,
        19,
        null,
        19,
        null,
        null
      ],
      "/Users/Guest/Desktop/pile_overspill/app/mailers/application_mailer.rb": [
        1,
        1,
        1,
        null
      ],
      "/Users/Guest/Desktop/pile_overspill/app/controllers/answers_controller.rb": [
        1,
        null,
        1,
        3,
        3,
        null,
        null,
        null,
        1,
        2,
        null,
        null,
        null,
        2,
        2,
        2,
        1,
        null,
        1,
        null,
        2,
        null,
        null,
        1,
        null,
        1,
        2,
        null,
        null,
        null,
        null
      ]
    },
    "timestamp": 1436310761
  }
}
